Searching for clusters in density map, using grid: Nuvw = ( 108, 120, 224)
Density std.dev: 0.273, cut-off: 0.218 e/A^3 (0.8 sigma)
Protein mass center: xyz = (    -13.94,     7.489,    -14.39)
23 clusters (with given criteria) found
#0    470 grid points, score 145.7     ( -34.21,  16.30, -11.19)
#1    283 grid points, score 126.8     (  -7.69,  23.47, -30.96)
#2    326 grid points, score 119.6     ( -26.32,   8.74,   3.27)
#3    228 grid points, score 99.94     ( -16.30,  22.11, -28.85)
#4    179 grid points, score 85.88     ( -26.86,  -0.61,   5.53)
#5    180 grid points, score 77.83     ( -27.96,  12.14,   1.82)
#6    220 grid points, score 69.08     (   3.12,  -5.58,  -2.89)
#7    223 grid points, score 68.43     ( -29.08,  10.54, -31.63)
#8    176 grid points, score 66.1      ( -20.05,   3.02, -18.19)
#9    161 grid points, score 63.56     ( -19.64,   9.82, -13.50)
#10   193 grid points, score 63.39     ( -11.84,  -2.05, -18.12)
#11   202 grid points, score 62.94     ( -21.07,  15.80,  12.47)
#12   158 grid points, score 57.34     (   7.11,  10.81, -32.24)
#13   185 grid points, score 57.29     (   3.49,  21.98, -35.88)
#14   148 grid points, score 56.58     (  -7.55,  10.40, -10.56)
#15   187 grid points, score 55.71     ( -16.34,  26.86, -13.78)
#16   202 grid points, score 55.43     ( -27.04,  21.42, -33.11)
#17   195 grid points, score 55.34     (  -2.21, -11.44,  10.78)
#18   150 grid points, score 54.7      ( -18.10,   1.38, -38.68)
#19   138 grid points, score 52.8      (  -9.43,  14.35,  -6.65)
#20   181 grid points, score 52.62     (   2.12,  -2.09,   2.99)
#21   163 grid points, score 52.02     ( -23.19,  -5.92, -22.24)
#22   186 grid points, score 51.02     ( -38.16,  -1.09,   3.02)
