# workflow log (compatible with Python configparser)

[workflow]
host: cn33
platform: Linux-3.10.0-1160.71.1.el7.x86_64-x86_64-with-centos-7.9.2009-Core
cwd: /gpfs/offline1/staff/biomax/domfas/pipeline/alf_output/1408159/7QRZ
prog: /sw/pkg/presto/software/CCP4/7.0.078-foss-2019b-SHELX-ARP-8.0-17/ccp4-7.0/lib/py2/dimple/__main__.py
args:
 ranked_0_processed.pdb
 7qrz_phases.mtz
 dimpleMR
output_dir: dimpleMR
CCP4: /sw/pkg/presto/software/CCP4/7.0.078-foss-2019b-SHELX-ARP-8.0-17/ccp4-7.0
CCP4_SCR: /tmp
version: 2.6.1
#      ### Dimple v2.6.1. Problems and suggestions: ccp4.github.io/dimple ###
# 
# MTZ (1.6A)            P 21 21 21   (54.11, 61.06, 119.67,  90, 90, 90)
# 52b5aa7c121979c168c459c4c2354c5e ../ranked_0_processed.pdb
data_file: ../7qrz_phases.mtz
pdb_files: ["../ranked_0_processed.pdb"]
# 
# ranked_0_processed.pdb P 1          (70.27, 43.31, 49.19,  90, 90, 90)

[rwcontents]
start_time: 2023-05-29 11:00:24
input: end
prog: /sw/pkg/presto/software/CCP4/7.0.078-foss-2019b-SHELX-ARP-8.0-17/ccp4-7.0/bin/rwcontents
args: XYZIN ini.pdb
end_time: 2023-05-29 11:00:24
info: 1 x 20kDa (+ 0kDa het) in 150nm3, 83% solvent
stdout: 01-rwcontents.log
num_mol: 1
aa_count: 181
weight: 20450.111
Vm: 7.32
water_count: 0.0
volume: 149718.031
total_weight: 20450.111
solvent_percent: 83.1967213115
# 
# Hmm... 83.2% of solvent or incomplete model
# 
# Different unit cells.
#  Volume of asu: 66.0% of model asu.
# 
# 75% solvent for 1, 49% for 2 components.

[phaser]
start_time: 2023-05-29 11:00:24
input: MODE MR_AUTO
  SEARCH METHOD FAST
  SEARCH DEEP OFF
  ENSEMBLE p PDBFILE "ini.pdb" IDENTITY 100
  ENSEMBLE p HETATOM ON
  SEARCH ENSEMBLE p NUM 2
  HKLIN "../7qrz_phases.mtz"
  LABIN F=F SIGF=SIGF
  SGALTERNATIVE SELECT ALL
  ROOT phaser
  SOLUTION TEMPLATE original_model
  SOLUTION 6DIM ENSE p EULER 0 0 0 FRAC 0 0 0
  RESOLUTION AUTO HIGH 2.0
  COMPOSITION PROTEIN MW 20450.111000 NUMBER 2
  KILL TIME 180
  PURGE ROT NUM 7
  PURGE TRA NUM 20
  PURGE RNP NUM 10
  RESOLUTION HIGH 3.25
  end
prog: /sw/pkg/presto/software/CCP4/7.0.078-foss-2019b-SHELX-ARP-8.0-17/ccp4-7.0/bin/phaser
args: 
end_time: 2023-05-29 11:01:39
info: RFZ=7.8 TFZ=13.7 PAK=7 LLG=170 TFZ==14.9 RF++...
stdout: 02-phaser.log
status: RFZ=7.8 TFZ=13.7 PAK=7 LLG=170 TFZ==14.9 RF++ TFZ=25.5 PAK=7 LLG=612 TFZ==25.7 LLG=1239 TFZ==33.5 PAK=7 LLG=1239 TFZ==33.5
SG: P 21 21 21
# 
# ... TFZ=25.5 PAK=7 LLG=612 TFZ==25.7 LLG=1239 TFZ==33.5 PAK=7 LLG=1239 TFZ==33.5
# 
# Replace free-R flags

[unique]
start_time: 2023-05-29 11:01:39
input: cell 54.114 61.064 119.673 90 90 90
  symmetry 'P 2 2 2'
  resolution 1.608
  labout F=F_UNIQUE SIGF=SIGF_UNIQUE
  end
prog: /sw/pkg/presto/software/CCP4/7.0.078-foss-2019b-SHELX-ARP-8.0-17/ccp4-7.0/bin/unique
args: HKLOUT unique.mtz
end_time: 2023-05-29 11:01:40
stdout: 03-unique.log

[freerflag]
start_time: 2023-05-29 11:01:40
input: end
prog: /sw/pkg/presto/software/CCP4/7.0.078-foss-2019b-SHELX-ARP-8.0-17/ccp4-7.0/bin/freerflag
args: HKLIN unique.mtz HKLOUT free.mtz
end_time: 2023-05-29 11:01:40
stdout: 04-freerflag.log

[cad]
start_time: 2023-05-29 11:01:40
input: labin file 1 E1=F E2=SIGF E3=IMEAN E4=SIGIMEAN E5=DANO E6=SIGDANO E7=ISYM E8=I(+) E9=SIGI(+) E10=I(-) E11=SIGI(-) E12=F(+) E13=SIGF(+) E14=F(-) E15=SIGF(-) E16=SA_flag E17=F_early E18=SIGF_early E19=F_late E20=SIGF_late E21=FC E22=PHIC E23=FWT E24=PHWT E25=DELFWT E26=PHDELWT E27=FOM
  labin file 2 E1=FreeR_flag
  sysab_keep
  reso overall 1000.0 1.60849
  end
prog: /sw/pkg/presto/software/CCP4/7.0.078-foss-2019b-SHELX-ARP-8.0-17/ccp4-7.0/bin/cad
args: HKLIN1 phaser.1.mtz HKLIN2 free.mtz HKLOUT prepared.mtz
end_time: 2023-05-29 11:01:41
info: #refl  52256 -> 52385
stdout: 05-cad.log
refl_out: 52385
refl_in1: 52256
# 
# Restrained refinement, 4+8 cycles.

[refmac5 jelly]
start_time: 2023-05-29 11:01:41
input: labin FP=F SIGFP=SIGF FREE=FreeR_flag
  make newligand continue
  refinement type restrained
  weight auto
  ridge distance sigma 0.01
  make hydrogen no
  ncycle 4
  end
prog: /sw/pkg/presto/software/CCP4/7.0.078-foss-2019b-SHELX-ARP-8.0-17/ccp4-7.0/bin/refmac5
args: HKLIN prepared.mtz HKLOUT jelly.mtz XYZIN phaser.1.pdb XYZOUT jelly.pdb
end_time: 2023-05-29 11:02:18
info:  4/4   R/Rfree  0.4676/0.4793  ->  0.4139/0.4392
stdout: 06-refmac5_jelly.log
ncyc: 4
ini_free_r: 0.4793
overall_r: 0.4139
iter_overall_r: [0.4676, 0.4495, 0.436, 0.4243, 0.4139]
iter_free_r: [0.4793, 0.4669, 0.4563, 0.4475, 0.4392]
rmsBOND: [0.012, 0.0084, 0.008, 0.0085, 0.008]
ini_overall_r: 0.4676
free_r: 0.4392
rmsANGL: [1.737, 1.467, 1.42, 1.407, 1.425]
rmsCHIRAL: [0.085, 0.078, 0.079, 0.081, 0.083]
cycle: 4
# 
#     RMS:   bond 0.012 -> 0.008   angle 1.74 -> 1.43   chiral 0.09 -> 0.08

[refmac5 restr]
start_time: 2023-05-29 11:02:18
input: labin FP=F SIGFP=SIGF FREE=FreeR_flag
  make newligand continue
  refinement type restrained
  weight auto
  ncycle 8
  end
prog: /sw/pkg/presto/software/CCP4/7.0.078-foss-2019b-SHELX-ARP-8.0-17/ccp4-7.0/bin/refmac5
args: HKLIN prepared.mtz HKLOUT final.mtz XYZIN jelly.pdb XYZOUT final.pdb
end_time: 2023-05-29 11:03:38
info:  8/8   R/Rfree  0.4135/0.4424  ->  0.3346/0.3821
stdout: 07-refmac5_restr.log
ncyc: 8
ini_free_r: 0.4424
overall_r: 0.3346
iter_overall_r: [0.4135, 0.3962, 0.3826, 0.3712, 0.3613, 0.3518, 0.3431, 0.3387, 0.3346]
iter_free_r: [0.4424, 0.4311, 0.4198, 0.4102, 0.402, 0.3949, 0.3891, 0.3861, 0.3821]
rmsBOND: [0.0139, 0.0069, 0.0069, 0.0071, 0.0073, 0.0072, 0.0074, 0.0073, 0.0074]
ini_overall_r: 0.4135
free_r: 0.3821
rmsANGL: [1.736, 1.398, 1.478, 1.532, 1.557, 1.569, 1.574, 1.585, 1.591]
rmsCHIRAL: [0.123, 0.063, 0.058, 0.058, 0.059, 0.06, 0.061, 0.062, 0.063]
cycle: 8
# 
#     RMS:   bond 0.014 -> 0.007   angle 1.74 -> 1.59   chiral 0.12 -> 0.06

[find-blobs]
start_time: 2023-05-29 11:03:38
prog: /sw/pkg/presto/software/CCP4/7.0.078-foss-2019b-SHELX-ARP-8.0-17/ccp4-7.0/bin/find-blobs
args: -c -s0.8 final.mtz final.pdb
end_time: 2023-05-29 11:03:39
info: Blob scores: 146 127 120 100 86 78 69 68
stdout: 08-find-blobs.log
center: (-13.94, 7.489, -14.39)
density_info: Density std.dev: 0.273, cut-off: 0.218 e/A^3 (0.8 sigma)
blobs: [[-34.21, 16.3, -11.19], [-7.69, 23.47, -30.96], [-26.32, 8.74, 3.27], [-16.3, 22.11, -28.85], [-26.86, -0.61, 5.53], [-27.96, 12.14, 1.82], [3.12, -5.58, -2.89], [-29.08, 10.54, -31.63], [-20.05, 3.02, -18.19], [-19.64, 9.82, -13.5], [-11.84, -2.05, -18.12], [-21.07, 15.8, 12.47], [7.11, 10.81, -32.24], [3.49, 21.98, -35.88], [-7.55, 10.4, -10.56], [-16.34, 26.86, -13.78], [-27.04, 21.42, -33.11], [-2.21, -11.44, 10.78], [-18.1, 1.38, -38.68], [-9.43, 14.35, -6.65], [2.12, -2.09, 2.99], [-23.19, -5.92, -22.24], [-38.16, -1.09, 3.02]]
scores: [145.7, 126.8, 119.6, 99.94, 85.88, 77.83, 69.08, 68.43, 66.1, 63.56, 63.39, 62.94, 57.34, 57.29, 56.58, 55.71, 55.43, 55.34, 54.7, 52.8, 52.62, 52.02, 51.02]
# 
# To see it in Coot run /gpfs/offline1/staff/biomax/domfas/pipeline/alf_output/1408159/7QRZ/dimpleMR/coot.sh
# 
