
     ### Dimple v2.6.1. Problems and suggestions: ccp4.github.io/dimple ###
MTZ (1.6A)            P 21 21 21   (54.11, 61.06, 119.67,  90, 90, 90)
ranked_0_processed.pdb P 1          (70.27, 43.31, 49.19,  90, 90, 90)
  1 rwcontents       0.1s  1 x 20kDa (+ 0kDa het) in 150nm3, 83% solvent
Hmm... 83.2% of solvent or incomplete model
Different unit cells. Volume of asu: 66.0% of model asu.
75% solvent for 1, 49% for 2 components.
  2 phaser          75.5s  RFZ=7.8 TFZ=13.7 PAK=7 LLG=170 TFZ==14.9 RF++...
... TFZ=25.5 PAK=7 LLG=612 TFZ==25.7 LLG=1239 TFZ==33.5 PAK=7 LLG=1239 TFZ==33.5
Replace free-R flags
  3 unique           0.1s  
  4 freerflag        0.4s  
  5 cad              0.8s  #refl  52256 -> 52385
Restrained refinement, 4+8 cycles.
  6 refmac5 jelly   36.6s   4/4   R/Rfree  0.4676/0.4793  ->  0.4139/0.4392
    RMS:   bond 0.012 -> 0.008   angle 1.74 -> 1.43   chiral 0.09 -> 0.08
  7 refmac5 restr   80.7s   8/8   R/Rfree  0.4135/0.4424  ->  0.3346/0.3821
    RMS:   bond 0.014 -> 0.007   angle 1.74 -> 1.59   chiral 0.12 -> 0.06
  8 find-blobs       0.5s  Blob scores: 146 127 120 100 86 78 69 68
To see it in Coot run /gpfs/offline1/staff/biomax/domfas/pipeline/alf_output/1408159/7QRZ/dimpleMR/coot.sh
